# JRE version: OpenJDK Runtime Environment Microsoft-8035246 (17.0.8+7) (build 17.0.8+7-LTS)
# Java VM: OpenJDK 64-Bit Server VM Microsoft-8035246 (17.0.8+7-LTS, mixed mode, sharing, tiered, compressed oops, compressed class ptrs, g1 gc, windows-amd64)
GC Precious Log:
 CPUs: 8 total, 8 available
 Memory: 16262M
 Large Page Support: Disabled
 NUMA Support: Disabled
 Compressed Oops: Enabled (32-bit)
 Heap Region Size: 1M
 Heap Min Capacity: 8M
 Heap Initial Capacity: 256M
 Heap Max Capacity: 2G
 Pre-touch: Disabled
 Parallel Workers: 8
 Concurrent Workers: 2
 Concurrent Refinement Workers: 8
 Periodic GC: Disabled
Heap:
 garbage-first heap   total 331776K, used 258048K [0x0000000080000000, 0x0000000100000000)
  region size 1024K, 105 young (107520K), 10 survivors (10240K)
 Metaspace       used 98860K, committed 99904K, reserved 557056K
  class space    used 13868K, committed 14400K, reserved 425984K
GC Heap History (20 events):
Event: 26.935 GC heap before
{Heap before GC invocations=33 (full 0):
 garbage-first heap   total 153600K, used 86698K [0x0000000080000000, 0x0000000100000000)
  region size 1024K, 7 young (7168K), 5 survivors (5120K)
 Metaspace       used 72017K, committed 72768K, reserved 491520K
  class space    used 10083K, committed 10432K, reserved 425984K
}
Event: 26.940 GC heap after
{Heap after GC invocations=34 (full 0):
 garbage-first heap   total 153600K, used 85268K [0x0000000080000000, 0x0000000100000000)
  region size 1024K, 1 young (1024K), 1 survivors (1024K)
 Metaspace       used 72017K, committed 72768K, reserved 491520K
  class space    used 10083K, committed 10432K, reserved 425984K
}
Event: 27.593 GC heap before
{Heap before GC invocations=34 (full 0):
 garbage-first heap   total 153600K, used 122132K [0x0000000080000000, 0x0000000100000000)
  region size 1024K, 37 young (37888K), 1 survivors (1024K)
 Metaspace       used 74706K, committed 75456K, reserved 491520K
  class space    used 10438K, committed 10752K, reserved 425984K
}
Event: 27.596 GC heap after
{Heap after GC invocations=35 (full 0):
 garbage-first heap   total 153600K, used 86349K [0x0000000080000000, 0x0000000100000000)
  region size 1024K, 2 young (2048K), 2 survivors (2048K)
 Metaspace       used 74706K, committed 75456K, reserved 491520K
  class space    used 10438K, committed 10752K, reserved 425984K
}
Event: 28.145 GC heap before
{Heap before GC invocations=36 (full 0):
 garbage-first heap   total 155648K, used 123213K [0x0000000080000000, 0x0000000100000000)
  region size 1024K, 38 young (38912K), 2 survivors (2048K)
 Metaspace       used 76653K, committed 77440K, reserved 557056K
  class space    used 10704K, committed 11072K, reserved 425984K
}
Event: 28.150 GC heap after
{Heap after GC invocations=37 (full 0):
 garbage-first heap   total 155648K, used 88659K [0x0000000080000000, 0x0000000100000000)
  region size 1024K, 5 young (5120K), 5 survivors (5120K)
 Metaspace       used 76653K, committed 77440K, reserved 557056K
  class space    used 10704K, committed 11072K, reserved 425984K
}
Event: 28.167 GC heap before
{Heap before GC invocations=37 (full 0):
 garbage-first heap   total 155648K, used 90707K [0x0000000080000000, 0x0000000100000000)
  region size 1024K, 7 young (7168K), 5 survivors (5120K)
 Metaspace       used 76653K, committed 77440K, reserved 557056K
  class space    used 10704K, committed 11072K, reserved 425984K
}
Event: 28.172 GC heap after
{Heap after GC invocations=38 (full 0):
 garbage-first heap   total 155648K, used 88298K [0x0000000080000000, 0x0000000100000000)
  region size 1024K, 1 young (1024K), 1 survivors (1024K)
 Metaspace       used 76653K, committed 77440K, reserved 557056K
  class space    used 10704K, committed 11072K, reserved 425984K
}
Event: 36.198 GC heap before
{Heap before GC invocations=38 (full 0):
 garbage-first heap   total 155648K, used 125162K [0x0000000080000000, 0x0000000100000000)
  region size 1024K, 37 young (37888K), 1 survivors (1024K)
 Metaspace       used 77164K, committed 77888K, reserved 557056K
  class space    used 10781K, committed 11136K, reserved 425984K
}
Event: 36.204 GC heap after
{Heap after GC invocations=39 (full 0):
 garbage-first heap   total 345088K, used 91329K [0x0000000080000000, 0x0000000100000000)
  region size 1024K, 4 young (4096K), 4 survivors (4096K)
 Metaspace       used 77164K, committed 77888K, reserved 557056K
  class space    used 10781K, committed 11136K, reserved 425984K
}
Event: 39.297 GC heap before
{Heap before GC invocations=40 (full 0):
 garbage-first heap   total 331776K, used 254145K [0x0000000080000000, 0x0000000100000000)
  region size 1024K, 163 young (166912K), 4 survivors (4096K)
 Metaspace       used 87923K, committed 88768K, reserved 557056K
  class space    used 12419K, committed 12800K, reserved 425984K
}
Event: 39.313 GC heap after
{Heap after GC invocations=41 (full 0):
 garbage-first heap   total 331776K, used 102261K [0x0000000080000000, 0x0000000100000000)
  region size 1024K, 14 young (14336K), 14 survivors (14336K)
 Metaspace       used 87923K, committed 88768K, reserved 557056K
  class space    used 12419K, committed 12800K, reserved 425984K
}
Event: 39.361 GC heap before
{Heap before GC invocations=41 (full 0):
 garbage-first heap   total 331776K, used 104309K [0x0000000080000000, 0x0000000100000000)
  region size 1024K, 16 young (16384K), 14 survivors (14336K)
 Metaspace       used 87946K, committed 88768K, reserved 557056K
  class space    used 12419K, committed 12800K, reserved 425984K
}
Event: 39.375 GC heap after
{Heap after GC invocations=42 (full 0):
 garbage-first heap   total 331776K, used 104146K [0x0000000080000000, 0x0000000100000000)
  region size 1024K, 2 young (2048K), 2 survivors (2048K)
 Metaspace       used 87946K, committed 88768K, reserved 557056K
  class space    used 12419K, committed 12800K, reserved 425984K
}
Event: 42.497 GC heap before
{Heap before GC invocations=42 (full 0):
 garbage-first heap   total 331776K, used 259794K [0x0000000080000000, 0x0000000100000000)
  region size 1024K, 149 young (152576K), 2 survivors (2048K)
 Metaspace       used 92748K, committed 93696K, reserved 557056K
  class space    used 13079K, committed 13504K, reserved 425984K
}
Event: 42.518 GC heap after
{Heap after GC invocations=43 (full 0):
 garbage-first heap   total 331776K, used 135163K [0x0000000080000000, 0x0000000100000000)
  region size 1024K, 19 young (19456K), 19 survivors (19456K)
 Metaspace       used 92748K, committed 93696K, reserved 557056K
  class space    used 13079K, committed 13504K, reserved 425984K
}
Event: 44.341 GC heap before
{Heap before GC invocations=43 (full 0):
 garbage-first heap   total 331776K, used 252923K [0x0000000080000000, 0x0000000100000000)
  region size 1024K, 134 young (137216K), 19 survivors (19456K)
 Metaspace       used 96989K, committed 97984K, reserved 557056K
  class space    used 13591K, committed 14080K, reserved 425984K
}
Event: 44.361 GC heap after
{Heap after GC invocations=44 (full 0):
 garbage-first heap   total 331776K, used 148092K [0x0000000080000000, 0x0000000100000000)
  region size 1024K, 12 young (12288K), 12 survivors (12288K)
 Metaspace       used 96989K, committed 97984K, reserved 557056K
  class space    used 13591K, committed 14080K, reserved 425984K
}
Event: 45.793 GC heap before
{Heap before GC invocations=44 (full 0):
 garbage-first heap   total 331776K, used 255612K [0x0000000080000000, 0x0000000100000000)
  region size 1024K, 118 young (120832K), 12 survivors (12288K)
 Metaspace       used 98716K, committed 99776K, reserved 557056K
  class space    used 13866K, committed 14400K, reserved 425984K
}
Event: 45.819 GC heap after
{Heap after GC invocations=45 (full 0):
 garbage-first heap   total 331776K, used 158720K [0x0000000080000000, 0x0000000100000000)
  region size 1024K, 10 young (10240K), 10 survivors (10240K)
 Metaspace       used 98716K, committed 99776K, reserved 557056K
  class space    used 13866K, committed 14400K, reserved 425984K
}

