# JRE version: OpenJDK Runtime Environment Microsoft-8035246 (17.0.8+7) (build 17.0.8+7-LTS)
# Java VM: OpenJDK 64-Bit Server VM Microsoft-8035246 (17.0.8+7-LTS, mixed mode, sharing, tiered, compressed oops, compressed class ptrs, g1 gc, windows-amd64)
GC Precious Log:
 CPUs: 8 total, 8 available
 Memory: 16264M
 Large Page Support: Disabled
 NUMA Support: Disabled
 Compressed Oops: Enabled (32-bit)
 Heap Region Size: 1M
 Heap Min Capacity: 8M
 Heap Initial Capacity: 256M
 Heap Max Capacity: 2G
 Pre-touch: Disabled
 Parallel Workers: 8
 Concurrent Workers: 2
 Concurrent Refinement Workers: 8
 Periodic GC: Disabled
Heap:
 garbage-first heap   total 296960K, used 205748K [0x0000000080000000, 0x0000000100000000)
  region size 1024K, 29 young (29696K), 5 survivors (5120K)
 Metaspace       used 104872K, committed 105984K, reserved 557056K
  class space    used 14583K, committed 15104K, reserved 425984K
GC Heap History (20 events):
Event: 43.540 GC heap before
{Heap before GC invocations=48 (full 0):
 garbage-first heap   total 296960K, used 210244K [0x0000000080000000, 0x0000000100000000)
  region size 1024K, 119 young (121856K), 2 survivors (2048K)
 Metaspace       used 85626K, committed 86400K, reserved 557056K
  class space    used 11893K, committed 12288K, reserved 425984K
}
Event: 43.549 GC heap after
{Heap after GC invocations=49 (full 0):
 garbage-first heap   total 296960K, used 95809K [0x0000000080000000, 0x0000000100000000)
  region size 1024K, 9 young (9216K), 9 survivors (9216K)
 Metaspace       used 85626K, committed 86400K, reserved 557056K
  class space    used 11893K, committed 12288K, reserved 425984K
}
Event: 43.624 GC heap before
{Heap before GC invocations=49 (full 0):
 garbage-first heap   total 296960K, used 99905K [0x0000000080000000, 0x0000000100000000)
  region size 1024K, 14 young (14336K), 9 survivors (9216K)
 Metaspace       used 85980K, committed 86784K, reserved 557056K
  class space    used 11967K, committed 12352K, reserved 425984K
}
Event: 43.633 GC heap after
{Heap after GC invocations=50 (full 0):
 garbage-first heap   total 296960K, used 96458K [0x0000000080000000, 0x0000000100000000)
  region size 1024K, 2 young (2048K), 2 survivors (2048K)
 Metaspace       used 85980K, committed 86784K, reserved 557056K
  class space    used 11967K, committed 12352K, reserved 425984K
}
Event: 46.118 GC heap before
{Heap before GC invocations=50 (full 0):
 garbage-first heap   total 296960K, used 219338K [0x0000000080000000, 0x0000000100000000)
  region size 1024K, 122 young (124928K), 2 survivors (2048K)
 Metaspace       used 93425K, committed 94272K, reserved 557056K
  class space    used 13094K, committed 13504K, reserved 425984K
}
Event: 46.132 GC heap after
{Heap after GC invocations=51 (full 0):
 garbage-first heap   total 296960K, used 109782K [0x0000000080000000, 0x0000000100000000)
  region size 1024K, 14 young (14336K), 14 survivors (14336K)
 Metaspace       used 93425K, committed 94272K, reserved 557056K
  class space    used 13094K, committed 13504K, reserved 425984K
}
Event: 48.276 GC heap before
{Heap before GC invocations=51 (full 0):
 garbage-first heap   total 296960K, used 226518K [0x0000000080000000, 0x0000000100000000)
  region size 1024K, 124 young (126976K), 14 survivors (14336K)
 Metaspace       used 95885K, committed 96832K, reserved 557056K
  class space    used 13381K, committed 13824K, reserved 425984K
}
Event: 48.299 GC heap after
{Heap after GC invocations=52 (full 0):
 garbage-first heap   total 296960K, used 136707K [0x0000000080000000, 0x0000000100000000)
  region size 1024K, 16 young (16384K), 16 survivors (16384K)
 Metaspace       used 95885K, committed 96832K, reserved 557056K
  class space    used 13381K, committed 13824K, reserved 425984K
}
Event: 50.015 GC heap before
{Heap before GC invocations=52 (full 0):
 garbage-first heap   total 296960K, used 225795K [0x0000000080000000, 0x0000000100000000)
  region size 1024K, 103 young (105472K), 16 survivors (16384K)
 Metaspace       used 101454K, committed 102464K, reserved 557056K
  class space    used 14158K, committed 14656K, reserved 425984K
}
Event: 50.036 GC heap after
{Heap after GC invocations=53 (full 0):
 garbage-first heap   total 296960K, used 145381K [0x0000000080000000, 0x0000000100000000)
  region size 1024K, 8 young (8192K), 8 survivors (8192K)
 Metaspace       used 101454K, committed 102464K, reserved 557056K
  class space    used 14158K, committed 14656K, reserved 425984K
}
Event: 51.321 GC heap before
{Heap before GC invocations=53 (full 0):
 garbage-first heap   total 296960K, used 232421K [0x0000000080000000, 0x0000000100000000)
  region size 1024K, 93 young (95232K), 8 survivors (8192K)
 Metaspace       used 102736K, committed 103744K, reserved 557056K
  class space    used 14290K, committed 14784K, reserved 425984K
}
Event: 51.342 GC heap after
{Heap after GC invocations=54 (full 0):
 garbage-first heap   total 296960K, used 153651K [0x0000000080000000, 0x0000000100000000)
  region size 1024K, 10 young (10240K), 10 survivors (10240K)
 Metaspace       used 102736K, committed 103744K, reserved 557056K
  class space    used 14290K, committed 14784K, reserved 425984K
}
Event: 52.514 GC heap before
{Heap before GC invocations=54 (full 0):
 garbage-first heap   total 296960K, used 234547K [0x0000000080000000, 0x0000000100000000)
  region size 1024K, 89 young (91136K), 10 survivors (10240K)
 Metaspace       used 104107K, committed 105152K, reserved 557056K
  class space    used 14521K, committed 15040K, reserved 425984K
}
Event: 52.536 GC heap after
{Heap after GC invocations=55 (full 0):
 garbage-first heap   total 296960K, used 160705K [0x0000000080000000, 0x0000000100000000)
  region size 1024K, 7 young (7168K), 7 survivors (7168K)
 Metaspace       used 104107K, committed 105152K, reserved 557056K
  class space    used 14521K, committed 15040K, reserved 425984K
}
Event: 53.783 GC heap before
{Heap before GC invocations=55 (full 0):
 garbage-first heap   total 296960K, used 241601K [0x0000000080000000, 0x0000000100000000)
  region size 1024K, 83 young (84992K), 7 survivors (7168K)
 Metaspace       used 104152K, committed 105280K, reserved 557056K
  class space    used 14521K, committed 15040K, reserved 425984K
}
Event: 53.797 GC heap after
{Heap after GC invocations=56 (full 0):
 garbage-first heap   total 296960K, used 166173K [0x0000000080000000, 0x0000000100000000)
  region size 1024K, 6 young (6144K), 6 survivors (6144K)
 Metaspace       used 104152K, committed 105280K, reserved 557056K
  class space    used 14521K, committed 15040K, reserved 425984K
}
Event: 54.785 GC heap before
{Heap before GC invocations=56 (full 0):
 garbage-first heap   total 296960K, used 253213K [0x0000000080000000, 0x0000000100000000)
  region size 1024K, 80 young (81920K), 6 survivors (6144K)
 Metaspace       used 104434K, committed 105600K, reserved 557056K
  class space    used 14540K, committed 15104K, reserved 425984K
}
Event: 54.796 GC heap after
{Heap after GC invocations=57 (full 0):
 garbage-first heap   total 296960K, used 172177K [0x0000000080000000, 0x0000000100000000)
  region size 1024K, 6 young (6144K), 6 survivors (6144K)
 Metaspace       used 104434K, committed 105600K, reserved 557056K
  class space    used 14540K, committed 15104K, reserved 425984K
}
Event: 55.646 GC heap before
{Heap before GC invocations=57 (full 0):
 garbage-first heap   total 296960K, used 252049K [0x0000000080000000, 0x0000000100000000)
  region size 1024K, 77 young (78848K), 6 survivors (6144K)
 Metaspace       used 104646K, committed 105792K, reserved 557056K
  class space    used 14561K, committed 15104K, reserved 425984K
}
Event: 55.660 GC heap after
{Heap after GC invocations=58 (full 0):
 garbage-first heap   total 296960K, used 177996K [0x0000000080000000, 0x0000000100000000)
  region size 1024K, 6 young (6144K), 6 survivors (6144K)
 Metaspace       used 104646K, committed 105792K, reserved 557056K
  class space    used 14561K, committed 15104K, reserved 425984K
}

