# JRE version: OpenJDK Runtime Environment Microsoft-8035246 (17.0.8+7) (build 17.0.8+7-LTS)
# Java VM: OpenJDK 64-Bit Server VM Microsoft-8035246 (17.0.8+7-LTS, mixed mode, sharing, tiered, compressed oops, compressed class ptrs, g1 gc, windows-amd64)
GC Precious Log:
 CPUs: 8 total, 8 available
 Memory: 16262M
 Large Page Support: Disabled
 NUMA Support: Disabled
 Compressed Oops: Enabled (32-bit)
 Heap Region Size: 1M
 Heap Min Capacity: 8M
 Heap Initial Capacity: 256M
 Heap Max Capacity: 2G
 Pre-touch: Disabled
 Parallel Workers: 8
 Concurrent Workers: 2
 Concurrent Refinement Workers: 8
 Periodic GC: Disabled
Heap:
 garbage-first heap   total 305152K, used 258438K [0x0000000080000000, 0x0000000100000000)
  region size 1024K, 80 young (81920K), 7 survivors (7168K)
 Metaspace       used 107085K, committed 108160K, reserved 557056K
  class space    used 14854K, committed 15360K, reserved 425984K
GC Heap History (20 events):
Event: 40.889 GC heap before
{Heap before GC invocations=42 (full 0):
 garbage-first heap   total 163840K, used 140452K [0x0000000080000000, 0x0000000100000000)
  region size 1024K, 9 young (9216K), 2 survivors (2048K)
 Metaspace       used 96918K, committed 97792K, reserved 557056K
  class space    used 13484K, committed 13888K, reserved 425984K
}
Event: 40.893 GC heap after
{Heap after GC invocations=43 (full 0):
 garbage-first heap   total 196608K, used 134153K [0x0000000080000000, 0x0000000100000000)
  region size 1024K, 1 young (1024K), 1 survivors (1024K)
 Metaspace       used 96918K, committed 97792K, reserved 557056K
  class space    used 13484K, committed 13888K, reserved 425984K
}
Event: 41.242 GC heap before
{Heap before GC invocations=44 (full 0):
 garbage-first heap   total 245760K, used 154633K [0x0000000080000000, 0x0000000100000000)
  region size 1024K, 22 young (22528K), 1 survivors (1024K)
 Metaspace       used 97189K, committed 98176K, reserved 557056K
  class space    used 13521K, committed 13952K, reserved 425984K
}
Event: 41.249 GC heap after
{Heap after GC invocations=45 (full 0):
 garbage-first heap   total 245760K, used 139422K [0x0000000080000000, 0x0000000100000000)
  region size 1024K, 3 young (3072K), 3 survivors (3072K)
 Metaspace       used 97189K, committed 98176K, reserved 557056K
  class space    used 13521K, committed 13952K, reserved 425984K
}
Event: 41.403 GC heap before
{Heap before GC invocations=45 (full 0):
 garbage-first heap   total 245760K, used 148638K [0x0000000080000000, 0x0000000100000000)
  region size 1024K, 12 young (12288K), 3 survivors (3072K)
 Metaspace       used 97383K, committed 98368K, reserved 557056K
  class space    used 13547K, committed 13952K, reserved 425984K
}
Event: 41.411 GC heap after
{Heap after GC invocations=46 (full 0):
 garbage-first heap   total 245760K, used 140416K [0x0000000080000000, 0x0000000100000000)
  region size 1024K, 2 young (2048K), 2 survivors (2048K)
 Metaspace       used 97383K, committed 98368K, reserved 557056K
  class space    used 13547K, committed 13952K, reserved 425984K
}
Event: 42.315 GC heap before
{Heap before GC invocations=46 (full 0):
 garbage-first heap   total 245760K, used 187520K [0x0000000080000000, 0x0000000100000000)
  region size 1024K, 48 young (49152K), 2 survivors (2048K)
 Metaspace       used 100570K, committed 101568K, reserved 557056K
  class space    used 14038K, committed 14528K, reserved 425984K
}
Event: 42.332 GC heap after
{Heap after GC invocations=47 (full 0):
 garbage-first heap   total 245760K, used 143433K [0x0000000080000000, 0x0000000100000000)
  region size 1024K, 5 young (5120K), 5 survivors (5120K)
 Metaspace       used 100570K, committed 101568K, reserved 557056K
  class space    used 14038K, committed 14528K, reserved 425984K
}
Event: 43.253 GC heap before
{Heap before GC invocations=47 (full 0):
 garbage-first heap   total 245760K, used 191561K [0x0000000080000000, 0x0000000100000000)
  region size 1024K, 52 young (53248K), 5 survivors (5120K)
 Metaspace       used 103372K, committed 104384K, reserved 557056K
  class space    used 14391K, committed 14848K, reserved 425984K
}
Event: 43.263 GC heap after
{Heap after GC invocations=48 (full 0):
 garbage-first heap   total 245760K, used 147633K [0x0000000080000000, 0x0000000100000000)
  region size 1024K, 7 young (7168K), 7 survivors (7168K)
 Metaspace       used 103372K, committed 104384K, reserved 557056K
  class space    used 14391K, committed 14848K, reserved 425984K
}
Event: 43.987 GC heap before
{Heap before GC invocations=48 (full 0):
 garbage-first heap   total 245760K, used 195761K [0x0000000080000000, 0x0000000100000000)
  region size 1024K, 54 young (55296K), 7 survivors (7168K)
 Metaspace       used 104789K, committed 105856K, reserved 557056K
  class space    used 14560K, committed 15040K, reserved 425984K
}
Event: 44.000 GC heap after
{Heap after GC invocations=49 (full 0):
 garbage-first heap   total 245760K, used 152934K [0x0000000080000000, 0x0000000100000000)
  region size 1024K, 7 young (7168K), 7 survivors (7168K)
 Metaspace       used 104789K, committed 105856K, reserved 557056K
  class space    used 14560K, committed 15040K, reserved 425984K
}
Event: 44.471 GC heap before
{Heap before GC invocations=49 (full 0):
 garbage-first heap   total 245760K, used 197990K [0x0000000080000000, 0x0000000100000000)
  region size 1024K, 51 young (52224K), 7 survivors (7168K)
 Metaspace       used 105204K, committed 106240K, reserved 557056K
  class space    used 14596K, committed 15040K, reserved 425984K
}
Event: 44.482 GC heap after
{Heap after GC invocations=50 (full 0):
 garbage-first heap   total 245760K, used 157529K [0x0000000080000000, 0x0000000100000000)
  region size 1024K, 5 young (5120K), 5 survivors (5120K)
 Metaspace       used 105204K, committed 106240K, reserved 557056K
  class space    used 14596K, committed 15040K, reserved 425984K
}
Event: 45.005 GC heap before
{Heap before GC invocations=50 (full 0):
 garbage-first heap   total 245760K, used 200537K [0x0000000080000000, 0x0000000100000000)
  region size 1024K, 48 young (49152K), 5 survivors (5120K)
 Metaspace       used 106199K, committed 107264K, reserved 557056K
  class space    used 14781K, committed 15296K, reserved 425984K
}
Event: 45.016 GC heap after
{Heap after GC invocations=51 (full 0):
 garbage-first heap   total 305152K, used 161396K [0x0000000080000000, 0x0000000100000000)
  region size 1024K, 4 young (4096K), 4 survivors (4096K)
 Metaspace       used 106199K, committed 107264K, reserved 557056K
  class space    used 14781K, committed 15296K, reserved 425984K
}
Event: 45.902 GC heap before
{Heap before GC invocations=51 (full 0):
 garbage-first heap   total 305152K, used 243316K [0x0000000080000000, 0x0000000100000000)
  region size 1024K, 85 young (87040K), 4 survivors (4096K)
 Metaspace       used 106689K, committed 107840K, reserved 557056K
  class space    used 14821K, committed 15360K, reserved 425984K
}
Event: 45.913 GC heap after
{Heap after GC invocations=52 (full 0):
 garbage-first heap   total 305152K, used 167200K [0x0000000080000000, 0x0000000100000000)
  region size 1024K, 10 young (10240K), 10 survivors (10240K)
 Metaspace       used 106689K, committed 107840K, reserved 557056K
  class space    used 14821K, committed 15360K, reserved 425984K
}
Event: 46.947 GC heap before
{Heap before GC invocations=52 (full 0):
 garbage-first heap   total 305152K, used 254240K [0x0000000080000000, 0x0000000100000000)
  region size 1024K, 88 young (90112K), 10 survivors (10240K)
 Metaspace       used 106790K, committed 107904K, reserved 557056K
  class space    used 14825K, committed 15360K, reserved 425984K
}
Event: 46.968 GC heap after
{Heap after GC invocations=53 (full 0):
 garbage-first heap   total 305152K, used 173446K [0x0000000080000000, 0x0000000100000000)
  region size 1024K, 7 young (7168K), 7 survivors (7168K)
 Metaspace       used 106790K, committed 107904K, reserved 557056K
  class space    used 14825K, committed 15360K, reserved 425984K
}

